<?xml version='1.0' encoding='UTF-8'?>
<testsuite hostname="naseem-Satellite-C850-B177" name="test.TestJvm" tests="1" errors="0" failures="0" skipped="0" time="0.368" timestamp="2019-04-16T14:41:26">
                     <properties>
[...]
</properties>
                     <testcase classname="test.TestJvm" name="value of x should be 9" time="0.368">
                                                 
                                               </testcase>
                     <system-out><![CDATA[]]></system-out>
                     <system-err><![CDATA[]]></system-err>
                   </testsuite>